AndroidAlexaSkillProject/app/build/intermediates/manifest_merge_blame_file/debug/manifest-merger-blame-debug-report.txt
1<?xml version="1.0" encoding="utf-8"?>
2<manifest xmlns:android="http://schemas.android.com/apk/res/android"
3    package="com.example.androidalexaskillproject"
4    android:versionCode="1"
5    android:versionName="1.0" >
6
7    <uses-sdk
8        android:minSdkVersion="15"
8-->src\main\AndroidManifest.xml
9        android:targetSdkVersion="29" />
9-->src\main\AndroidManifest.xml
10
11    <uses-permission android:name="android.permission.INTERNET" />
11-->src\main\AndroidManifest.xml:4:5-67
11-->src\main\AndroidManifest.xml:4:22-64
12
13    <application
13-->src\main\AndroidManifest.xml:6:5-36:19
14        android:allowBackup="true"
14-->src\main\AndroidManifest.xml:7:9-35
15        android:appComponentFactory="androidx.core.app.CoreComponentFactory"
15-->[androidx.core:core:1.0.1] AndroidManifest.xml:22:18-86
16        android:debuggable="true"
17        android:icon="@mipmap/ic_launcher"
17-->src\main\AndroidManifest.xml:9:9-43
18        android:label="@string/app_name"
18-->src\main\AndroidManifest.xml:10:9-41
19        android:roundIcon="@mipmap/ic_launcher_round"
19-->src\main\AndroidManifest.xml:11:9-54
20        android:supportsRtl="true"
20-->src\main\AndroidManifest.xml:12:9-35
21        android:testOnly="true"
22        android:theme="@style/AppTheme" >
22-->src\main\AndroidManifest.xml:13:9-40
23        <activity android:name="com.example.androidalexaskillproject.MainListActivity" >
23-->src\main\AndroidManifest.xml:14:9-19:20
23-->src\main\AndroidManifest.xml:14:19-51
24            <intent-filter>
24-->src\main\AndroidManifest.xml:15:13-18:29
25                <action android:name="android.intent.action.MAIN" />
25-->src\main\AndroidManifest.xml:16:17-69
25-->src\main\AndroidManifest.xml:16:25-66
26
27                <category android:name="android.intent.category.LAUNCHER" />
27-->src\main\AndroidManifest.xml:17:17-77
27-->src\main\AndroidManifest.xml:17:27-74
28            </intent-filter>
29        </activity>
30        <activity android:name="com.example.androidalexaskillproject.MainActivity" >
30-->src\main\AndroidManifest.xml:20:9-21:20
30-->src\main\AndroidManifest.xml:20:19-47
31        </activity>
32        <activity android:name="com.example.androidalexaskillproject.ProfitReturnAddFragment" >
32-->src\main\AndroidManifest.xml:22:9-23:20
32-->src\main\AndroidManifest.xml:22:19-58
33        </activity>
34        <activity android:name="com.example.androidalexaskillproject.ProfitReturnEditFragment" >
34-->src\main\AndroidManifest.xml:25:9-26:20
34-->src\main\AndroidManifest.xml:25:19-59
35        </activity>
36        <activity android:name="com.example.androidalexaskillproject.ExpenseListActivity" >
36-->src\main\AndroidManifest.xml:28:9-29:20
36-->src\main\AndroidManifest.xml:28:19-54
37        </activity>
38        <activity android:name="com.example.androidalexaskillproject.ExpenseReturnAddFragment" >
38-->src\main\AndroidManifest.xml:30:9-31:20
38-->src\main\AndroidManifest.xml:30:19-59
39        </activity>
40        <activity android:name="com.example.androidalexaskillproject.ExpenseReturnEditFragment" >
40-->src\main\AndroidManifest.xml:33:9-34:20
40-->src\main\AndroidManifest.xml:33:19-60
41        </activity>
42    </application>
43
44</manifest>